Sat, 28 Mar 2015 04:35:20 GMT iotweb:server Listening on port 3000
[0mGET / [36m304 [0m233.799 ms - -[0m
[0mGET /stylesheets/style.css [36m304 [0m5.945 ms - -[0m
[0mGET / [36m304 [0m31.015 ms - -[0m
[0mGET /stylesheets/style.css [36m304 [0m1.808 ms - -[0m
[0mGET / [32m200 [0m19.564 ms - 170[0m
[0mGET /stylesheets/style.css [32m200 [0m5.017 ms - 110[0m
[0mGET /favicon.ico [33m404 [0m31.180 ms - 987[0m
[0mGET / [36m304 [0m19.042 ms - -[0m
[0mGET /stylesheets/style.css [36m304 [0m0.671 ms - -[0m
[0mGET / [36m304 [0m25.084 ms - -[0m
[0mGET /stylesheets/style.css [36m304 [0m0.833 ms - -[0m
[0mGET / [36m304 [0m62.000 ms - -[0m
[0mGET /stylesheets/style.css [36m304 [0m3.822 ms - -[0m
[0mGET /users [32m200 [0m3.718 ms - 23[0m
Sun, 29 Mar 2015 09:23:04 GMT iotweb:server Listening on port 3000
[0mGET / [36m304 [0m250.361 ms - -[0m
[0mGET /stylesheets/style.css [36m304 [0m5.387 ms - -[0m
[0mGET / [36m304 [0m33.596 ms - -[0m
[0mGET /stylesheets/style.css [36m304 [0m1.511 ms - -[0m
Sun, 29 Mar 2015 13:42:51 GMT iotweb:server Listening on port 3000
[0mGET / [32m200 [0m253.335 ms - 170[0m
[0mGET /stylesheets/style.css [32m200 [0m9.470 ms - 110[0m
[0mGET / [36m304 [0m30.955 ms - -[0m
[0mGET /stylesheets/style.css [36m304 [0m1.524 ms - -[0m
[0mGET / [36m304 [0m23.020 ms - -[0m
[0mGET /stylesheets/style.css [36m304 [0m0.885 ms - -[0m
[0mGET / [36m304 [0m30.721 ms - -[0m
[0mGET /stylesheets/style.css [36m304 [0m1.657 ms - -[0m
[0mGET / [36m304 [0m18.745 ms - -[0m
[0mGET /stylesheets/style.css [36m304 [0m0.587 ms - -[0m
